Message[302] D:\ DOCUMENTOS\EJEMPLOENSAMBLADOR\EJEMPLOENSAMBLADOR\EJEMPLO1.X\MAINPINES.ASM 30 : Register in operand not in bank 0.  Ensure that bank bits are correct.
Message[302] D:\ DOCUMENTOS\EJEMPLOENSAMBLADOR\EJEMPLOENSAMBLADOR\EJEMPLO1.X\MAINPINES.ASM 31 : Register in operand not in bank 0.  Ensure that bank bits are correct.
Message[302] D:\ DOCUMENTOS\EJEMPLOENSAMBLADOR\EJEMPLOENSAMBLADOR\EJEMPLO1.X\MAINPINES.ASM 33 : Register in operand not in bank 0.  Ensure that bank bits are correct.
Message[302] D:\ DOCUMENTOS\EJEMPLOENSAMBLADOR\EJEMPLOENSAMBLADOR\EJEMPLO1.X\MAINPINES.ASM 36 : Register in operand not in bank 0.  Ensure that bank bits are correct.
Warning[207] D:\ DOCUMENTOS\EJEMPLOENSAMBLADOR\EJEMPLOENSAMBLADOR\EJEMPLO1.X\MAINPINES.ASM 39 : Found label after column 1. (BOTON)
Warning[207] D:\ DOCUMENTOS\EJEMPLOENSAMBLADOR\EJEMPLOENSAMBLADOR\EJEMPLO1.X\MAINPINES.ASM 47 : Found label after column 1. (EFECTO)
Message[305] D:\ DOCUMENTOS\EJEMPLOENSAMBLADOR\EJEMPLOENSAMBLADOR\EJEMPLO1.X\MAINPINES.ASM 48 : Using default destination of 1 (file).
Warning[207] D:\ DOCUMENTOS\EJEMPLOENSAMBLADOR\EJEMPLOENSAMBLADOR\EJEMPLO1.X\MAINPINES.ASM 58 : Found label after column 1. (LOOP)
Message[305] D:\ DOCUMENTOS\EJEMPLOENSAMBLADOR\EJEMPLOENSAMBLADOR\EJEMPLO1.X\MAINPINES.ASM 65 : Using default destination of 1 (file).
Warning[203] D:\ DOCUMENTOS\EJEMPLOENSAMBLADOR\EJEMPLOENSAMBLADOR\EJEMPLO1.X\MAINPINES.ASM 71 : Found opcode in column 1. (MOVLW)
Warning[203] D:\ DOCUMENTOS\EJEMPLOENSAMBLADOR\EJEMPLOENSAMBLADOR\EJEMPLO1.X\MAINPINES.ASM 72 : Found opcode in column 1. (MOVWF)
Message[305] D:\ DOCUMENTOS\EJEMPLOENSAMBLADOR\EJEMPLOENSAMBLADOR\EJEMPLO1.X\MAINPINES.ASM 74 : Using default destination of 1 (file).
Warning[203] D:\ DOCUMENTOS\EJEMPLOENSAMBLADOR\EJEMPLOENSAMBLADOR\EJEMPLO1.X\MAINPINES.ASM 79 : Found opcode in column 1. (MOVLW)
Warning[203] D:\ DOCUMENTOS\EJEMPLOENSAMBLADOR\EJEMPLOENSAMBLADOR\EJEMPLO1.X\MAINPINES.ASM 80 : Found opcode in column 1. (MOVWF)
Warning[203] D:\ DOCUMENTOS\EJEMPLOENSAMBLADOR\EJEMPLOENSAMBLADOR\EJEMPLO1.X\MAINPINES.ASM 83 : Found opcode in column 1. (MOVLW)
Warning[203] D:\ DOCUMENTOS\EJEMPLOENSAMBLADOR\EJEMPLOENSAMBLADOR\EJEMPLO1.X\MAINPINES.ASM 84 : Found opcode in column 1. (MOVWF)
Message[305] D:\ DOCUMENTOS\EJEMPLOENSAMBLADOR\EJEMPLOENSAMBLADOR\EJEMPLO1.X\MAINPINES.ASM 86 : Using default destination of 1 (file).
Warning[203] D:\ DOCUMENTOS\EJEMPLOENSAMBLADOR\EJEMPLOENSAMBLADOR\EJEMPLO1.X\MAINPINES.ASM 93 : Found opcode in column 1. (MOVLW)
Warning[203] D:\ DOCUMENTOS\EJEMPLOENSAMBLADOR\EJEMPLOENSAMBLADOR\EJEMPLO1.X\MAINPINES.ASM 94 : Found opcode in column 1. (MOVWF)
Warning[203] D:\ DOCUMENTOS\EJEMPLOENSAMBLADOR\EJEMPLOENSAMBLADOR\EJEMPLO1.X\MAINPINES.ASM 96 : Found opcode in column 1. (MOVLW)
Warning[203] D:\ DOCUMENTOS\EJEMPLOENSAMBLADOR\EJEMPLOENSAMBLADOR\EJEMPLO1.X\MAINPINES.ASM 97 : Found opcode in column 1. (MOVWF)
Message[305] D:\ DOCUMENTOS\EJEMPLOENSAMBLADOR\EJEMPLOENSAMBLADOR\EJEMPLO1.X\MAINPINES.ASM 100 : Using default destination of 1 (file).
Message[305] D:\ DOCUMENTOS\EJEMPLOENSAMBLADOR\EJEMPLOENSAMBLADOR\EJEMPLO1.X\MAINPINES.ASM 101 : Using default destination of 1 (file).
